06:17:14.415 [INFO] [SYSTEM] Loading library...
06:17:14.628 [INFO] [SYSTEM] Loading ConfigFiles...
06:17:14.798 [INFO] [SYSTEM] Parsing ConfigFiles...
06:17:14.798 [INFO] [SYSTEM] Loading WhiteListFiles...
06:17:14.806 [INFO] [SYSTEM] Reading WhiteListFiles...
06:17:14.807 [INFO] [SYSTEM] Definition call server...
06:17:14.807 [INFO] [SYSTEM] Definition chat server...
06:17:14.808 [INFO] [SYSTEM] Starting call server...
06:17:14.810 [INFO] [SYSTEM] Starting chat server...
06:17:14.811 [INFO] [SYSTEM] See help command for showing help.

06:17:14.811 [INFO] [SYSTEM] Ready

06:17:25.991 [INFO] [SYSTEM] Loading library...
06:17:26.288 [INFO] [SYSTEM] Loading ConfigFiles...
06:17:26.288 [INFO] [SYSTEM] Parsing ConfigFiles...
06:17:26.290 [INFO] [SYSTEM] Loading WhiteListFiles...
06:17:26.291 [INFO] [SYSTEM] Reading WhiteListFiles...
06:17:26.291 [INFO] [SYSTEM] Definition call server...
06:17:26.291 [INFO] [SYSTEM] Definition chat server...
06:17:26.291 [INFO] [SYSTEM] Starting call server...
06:17:26.293 [INFO] [SYSTEM] Starting chat server...
06:17:26.294 [INFO] [SYSTEM] See help command for showing help.

06:17:26.294 [INFO] [SYSTEM] Ready

06:17:52.134 [INFO] [CALL] Player Joining: /127.0.0.1:54221

06:17:53.332 [INFO] [CALL] Text from client: {"exec": "join", "name": "peyang"}

06:18:23.749 [INFO] [CHAT] Text from client: {"exec": "join", "token": "8a03e411-cafb-446d-85a9-71aa545a2091", "name": "peyang"}

06:20:24.919 [INFO] [SYSTEM] Loading library...
06:20:25.847 [INFO] [SYSTEM] Loading ConfigFiles...
06:20:25.848 [INFO] [SYSTEM] Parsing ConfigFiles...
06:20:25.848 [INFO] [SYSTEM] Loading WhiteListFiles...
06:20:25.848 [INFO] [SYSTEM] Reading WhiteListFiles...
06:20:25.848 [INFO] [SYSTEM] Definition call server...
06:20:25.869 [INFO] [SYSTEM] Definition chat server...
06:20:25.895 [INFO] [SYSTEM] Starting call server...
06:20:25.899 [INFO] [SYSTEM] Starting chat server...
06:20:25.901 [INFO] [SYSTEM] See help command for showing help.

06:20:25.902 [INFO] [SYSTEM] Ready

06:20:40.464 [INFO] [CALL] Player Joining: /127.0.0.1:54337

06:20:41.580 [INFO] [CALL] Text from client: {"exec": "join", "name": "peyang"}

06:21:08.461 [INFO] [CHAT] Text from client: {"exec": "join", "token": "8a03e411-cafb-446d-85a9-71aa545a2091", "name": "peyang"}

09:30:50.787 [INFO] [SYSTEM] Loading library...
09:30:51.033 [INFO] [SYSTEM] Loading ConfigFiles...
09:30:51.033 [INFO] [SYSTEM] Parsing ConfigFiles...
09:30:51.034 [INFO] [SYSTEM] Loading WhiteListFiles...
09:30:51.034 [INFO] [SYSTEM] Reading WhiteListFiles...
09:30:51.034 [INFO] [SYSTEM] Definition call server...
09:30:51.034 [INFO] [SYSTEM] Definition chat server...
09:30:51.034 [INFO] [SYSTEM] Starting call server...
09:30:51.036 [INFO] [SYSTEM] Starting chat server...
09:30:51.037 [INFO] [ECGM] Generating Decrypt key...
09:31:52.818 [INFO] [SYSTEM] See help command for showing help.

09:31:52.819 [INFO] [SYSTEM] Ready

09:32:32.579 [INFO] [SYSTEM] Loading library...
09:32:32.829 [INFO] [SYSTEM] Loading ConfigFiles...
09:32:32.829 [INFO] [SYSTEM] Parsing ConfigFiles...
09:32:32.829 [INFO] [SYSTEM] Loading WhiteListFiles...
09:32:32.830 [INFO] [SYSTEM] Reading WhiteListFiles...
09:32:32.830 [INFO] [SYSTEM] Definition call server...
09:32:32.830 [INFO] [SYSTEM] Definition chat server...
09:32:32.831 [INFO] [SYSTEM] Starting call server...
09:32:32.833 [INFO] [SYSTEM] Starting chat server...
09:32:32.834 [INFO] [ECGM] Generating Decrypt key...
09:32:49.481 [INFO] [SYSTEM] See help command for showing help.

09:32:49.481 [INFO] [SYSTEM] Ready

09:32:54.082 [INFO] [SYSTEM] Loading library...
09:32:54.355 [INFO] [SYSTEM] Loading ConfigFiles...
09:32:54.356 [INFO] [SYSTEM] Parsing ConfigFiles...
09:32:54.357 [INFO] [SYSTEM] Loading WhiteListFiles...
09:32:54.358 [INFO] [SYSTEM] Reading WhiteListFiles...
09:32:54.359 [INFO] [SYSTEM] Definition call server...
09:32:54.359 [INFO] [SYSTEM] Definition chat server...
09:32:54.360 [INFO] [SYSTEM] Starting call server...
09:32:54.361 [INFO] [SYSTEM] Starting chat server...
09:32:54.362 [INFO] [ECGM] Generating Decrypt key...
09:33:04.504 [INFO] [SYSTEM] See help command for showing help.

09:33:04.504 [INFO] [SYSTEM] Ready

09:33:08.825 [INFO] [SYSTEM] Loading library...
09:33:09.110 [INFO] [SYSTEM] Loading ConfigFiles...
09:33:09.110 [INFO] [SYSTEM] Parsing ConfigFiles...
09:33:09.110 [INFO] [SYSTEM] Loading WhiteListFiles...
09:33:09.110 [INFO] [SYSTEM] Reading WhiteListFiles...
09:33:09.110 [INFO] [SYSTEM] Definition call server...
09:33:09.111 [INFO] [SYSTEM] Definition chat server...
09:33:09.111 [INFO] [SYSTEM] Starting call server...
09:33:09.113 [INFO] [SYSTEM] Starting chat server...
09:33:09.113 [INFO] [ECGM] Generating Decrypt key...
09:33:19.782 [INFO] [SYSTEM] See help command for showing help.

09:33:19.783 [INFO] [SYSTEM] Ready

09:33:21.978 [INFO] [SYSTEM] Loading library...
09:33:22.237 [INFO] [SYSTEM] Loading ConfigFiles...
09:33:22.238 [INFO] [SYSTEM] Parsing ConfigFiles...
09:33:22.238 [INFO] [SYSTEM] Loading WhiteListFiles...
09:33:22.238 [INFO] [SYSTEM] Reading WhiteListFiles...
09:33:22.239 [INFO] [SYSTEM] Definition call server...
09:33:22.239 [INFO] [SYSTEM] Definition chat server...
09:33:22.239 [INFO] [SYSTEM] Starting call server...
09:33:22.241 [INFO] [SYSTEM] Starting chat server...
09:33:22.242 [INFO] [ECGM] Generating Decrypt key...
09:33:25.891 [INFO] [SYSTEM] See help command for showing help.

09:33:25.891 [INFO] [SYSTEM] Ready

09:33:28.989 [INFO] [SYSTEM] Loading library...
09:33:29.241 [INFO] [SYSTEM] Loading ConfigFiles...
09:33:29.241 [INFO] [SYSTEM] Parsing ConfigFiles...
09:33:29.241 [INFO] [SYSTEM] Loading WhiteListFiles...
09:33:29.242 [INFO] [SYSTEM] Reading WhiteListFiles...
09:33:29.242 [INFO] [SYSTEM] Definition call server...
09:33:29.242 [INFO] [SYSTEM] Definition chat server...
09:33:29.242 [INFO] [SYSTEM] Starting call server...
09:33:29.244 [INFO] [SYSTEM] Starting chat server...
09:33:29.244 [INFO] [ECGM] Generating Decrypt key...
09:34:56.210 [INFO] [SYSTEM] See help command for showing help.

09:34:56.211 [INFO] [SYSTEM] Ready

09:34:58.456 [INFO] [SYSTEM] Loading library...
09:34:58.726 [INFO] [SYSTEM] Loading ConfigFiles...
09:34:58.727 [INFO] [SYSTEM] Parsing ConfigFiles...
09:34:58.727 [INFO] [SYSTEM] Loading WhiteListFiles...
09:34:58.727 [INFO] [SYSTEM] Reading WhiteListFiles...
09:34:58.727 [INFO] [SYSTEM] Definition call server...
09:34:58.727 [INFO] [SYSTEM] Definition chat server...
09:34:58.728 [INFO] [SYSTEM] Starting call server...
09:34:58.732 [INFO] [SYSTEM] Starting chat server...
09:34:58.733 [INFO] [ECGM] Generating Decrypt key...
09:35:24.576 [INFO] [SYSTEM] See help command for showing help.

09:35:24.576 [INFO] [SYSTEM] Ready

09:35:27.341 [INFO] [SYSTEM] Loading library...
09:35:27.583 [INFO] [SYSTEM] Loading ConfigFiles...
09:35:27.584 [INFO] [SYSTEM] Parsing ConfigFiles...
09:35:27.584 [INFO] [SYSTEM] Loading WhiteListFiles...
09:35:27.584 [INFO] [SYSTEM] Reading WhiteListFiles...
09:35:27.584 [INFO] [SYSTEM] Definition call server...
09:35:27.584 [INFO] [SYSTEM] Definition chat server...
09:35:27.585 [INFO] [SYSTEM] Starting call server...
09:35:27.586 [INFO] [SYSTEM] Starting chat server...
09:35:27.587 [INFO] [ECGM] Generating Decrypt key...
09:36:18.316 [INFO] [SYSTEM] See help command for showing help.

09:36:18.316 [INFO] [SYSTEM] Ready

09:36:34.946 [INFO] [SYSTEM] Loading library...
09:36:35.208 [INFO] [SYSTEM] Loading ConfigFiles...
09:36:35.208 [INFO] [SYSTEM] Parsing ConfigFiles...
09:36:35.208 [INFO] [SYSTEM] Loading WhiteListFiles...
09:36:35.208 [INFO] [SYSTEM] Reading WhiteListFiles...
09:36:35.208 [INFO] [SYSTEM] Definition call server...
09:36:35.208 [INFO] [SYSTEM] Definition chat server...
09:36:35.209 [INFO] [SYSTEM] Starting call server...
09:36:35.211 [INFO] [SYSTEM] Starting chat server...
09:36:35.212 [INFO] [ECGM] Generating Decrypt key...
09:37:09.283 [INFO] [SYSTEM] See help command for showing help.

09:37:09.284 [INFO] [SYSTEM] Ready

09:37:32.332 [INFO] [SYSTEM] Loading library...
09:37:32.551 [INFO] [SYSTEM] Loading ConfigFiles...
09:37:32.552 [INFO] [SYSTEM] Parsing ConfigFiles...
09:37:32.552 [INFO] [SYSTEM] Loading WhiteListFiles...
09:37:32.552 [INFO] [SYSTEM] Reading WhiteListFiles...
09:37:32.552 [INFO] [SYSTEM] Definition call server...
09:37:32.552 [INFO] [SYSTEM] Definition chat server...
09:37:32.554 [INFO] [SYSTEM] Starting call server...
09:37:32.556 [INFO] [SYSTEM] Starting chat server...
09:37:32.557 [INFO] [ECGM] Generating Decrypt key...
09:38:31.354 [INFO] [SYSTEM] See help command for showing help.

09:38:31.354 [INFO] [SYSTEM] Ready

09:38:34.302 [INFO] [SYSTEM] Loading library...
09:38:34.565 [INFO] [SYSTEM] Loading ConfigFiles...
09:38:34.565 [INFO] [SYSTEM] Parsing ConfigFiles...
09:38:34.566 [INFO] [SYSTEM] Loading WhiteListFiles...
09:38:34.566 [INFO] [SYSTEM] Reading WhiteListFiles...
09:38:34.566 [INFO] [SYSTEM] Definition call server...
09:38:34.566 [INFO] [SYSTEM] Definition chat server...
09:38:34.566 [INFO] [SYSTEM] Starting call server...
09:38:34.568 [INFO] [SYSTEM] Starting chat server...
09:38:34.569 [INFO] [ECGM] Generating Decrypt key...
09:38:34.571 [INFO] [SYSTEM] See help command for showing help.

09:38:34.571 [INFO] [SYSTEM] Ready

09:38:39.619 [INFO] [SYSTEM] Loading library...
09:38:39.903 [INFO] [SYSTEM] Loading ConfigFiles...
09:38:39.904 [INFO] [SYSTEM] Parsing ConfigFiles...
09:38:39.904 [INFO] [SYSTEM] Loading WhiteListFiles...
09:38:39.904 [INFO] [SYSTEM] Reading WhiteListFiles...
09:38:39.904 [INFO] [SYSTEM] Definition call server...
09:38:39.904 [INFO] [SYSTEM] Definition chat server...
09:38:39.904 [INFO] [SYSTEM] Starting call server...
09:38:39.906 [INFO] [SYSTEM] Starting chat server...
09:38:39.907 [INFO] [ECGM] Generating Decrypt key...
09:38:39.909 [INFO] [SYSTEM] See help command for showing help.

09:38:39.909 [INFO] [SYSTEM] Ready

09:43:15.361 [INFO] [SYSTEM] Loading library...
09:43:15.598 [INFO] [SYSTEM] Loading ConfigFiles...
09:43:15.599 [INFO] [SYSTEM] Parsing ConfigFiles...
09:43:15.599 [INFO] [SYSTEM] Loading WhiteListFiles...
09:43:15.601 [INFO] [SYSTEM] Reading WhiteListFiles...
09:43:15.601 [INFO] [SYSTEM] Definition call server...
09:43:15.601 [INFO] [SYSTEM] Definition chat server...
09:43:15.602 [INFO] [SYSTEM] Starting call server...
09:43:15.603 [INFO] [SYSTEM] Starting chat server...
09:43:15.604 [INFO] [ECGM] Generating Decrypt key...
09:43:15.607 [INFO] [SYSTEM] See help command for showing help.

09:43:15.607 [INFO] [SYSTEM] Ready

09:43:15.614 [ERROR] [CHAT] Error: 
09:43:15.614 [ERROR] [CALL] Error: 
09:43:54.989 [INFO] [SYSTEM] Loading library...
09:43:55.261 [INFO] [SYSTEM] Loading ConfigFiles...
09:43:55.261 [INFO] [SYSTEM] Parsing ConfigFiles...
09:43:55.261 [INFO] [SYSTEM] Loading WhiteListFiles...
09:43:55.261 [INFO] [SYSTEM] Reading WhiteListFiles...
09:43:55.262 [INFO] [SYSTEM] Definition call server...
09:43:55.262 [INFO] [SYSTEM] Definition chat server...
09:43:55.262 [INFO] [SYSTEM] Starting call server...
09:43:55.266 [INFO] [SYSTEM] Starting chat server...
09:43:55.268 [INFO] [ECGM] Generating Decrypt key...
09:43:55.270 [INFO] [SYSTEM] See help command for showing help.

09:44:00.016 [INFO] [SYSTEM] Ready

09:44:00.027 [ERROR] [CALL] Error: 
09:44:00.028 [ERROR] [CHAT] Error: 
09:44:01.834 [INFO] [SYSTEM] Loading library...
09:44:02.125 [INFO] [SYSTEM] Loading ConfigFiles...
09:44:02.126 [INFO] [SYSTEM] Parsing ConfigFiles...
09:44:02.126 [INFO] [SYSTEM] Loading WhiteListFiles...
09:44:02.126 [INFO] [SYSTEM] Reading WhiteListFiles...
09:44:02.126 [INFO] [SYSTEM] Definition call server...
09:44:02.127 [INFO] [SYSTEM] Definition chat server...
09:44:02.127 [INFO] [SYSTEM] Starting call server...
09:44:02.129 [INFO] [SYSTEM] Starting chat server...
09:44:02.130 [INFO] [ECGM] Generating Decrypt key...
09:44:02.133 [INFO] [ALL] Stopping server...
09:44:02.133 [INFO] [FATAL] Stopping system...

09:44:31.233 [INFO] [SYSTEM] Loading library...
09:44:31.496 [INFO] [SYSTEM] Loading ConfigFiles...
09:44:31.497 [INFO] [SYSTEM] Parsing ConfigFiles...
09:44:31.497 [INFO] [SYSTEM] Loading WhiteListFiles...
09:44:31.497 [INFO] [SYSTEM] Reading WhiteListFiles...
09:44:31.498 [INFO] [SYSTEM] Definition call server...
09:44:31.498 [INFO] [SYSTEM] Definition chat server...
09:44:31.500 [INFO] [SYSTEM] Starting call server...
09:44:31.503 [INFO] [SYSTEM] Starting chat server...
09:44:31.504 [INFO] [ECGM] Generating Decrypt key...
09:44:36.702 [INFO] [SYSTEM] See help command for showing help.

09:44:36.702 [INFO] [SYSTEM] Ready

09:44:36.708 [ERROR] [CALL] Error: 
09:44:36.708 [ERROR] [CHAT] Error: 
09:44:38.564 [INFO] [SYSTEM] Loading library...
09:44:38.871 [INFO] [SYSTEM] Loading ConfigFiles...
09:44:38.871 [INFO] [SYSTEM] Parsing ConfigFiles...
09:44:38.872 [INFO] [SYSTEM] Loading WhiteListFiles...
09:44:38.872 [INFO] [SYSTEM] Reading WhiteListFiles...
09:44:38.872 [INFO] [SYSTEM] Definition call server...
09:44:38.872 [INFO] [SYSTEM] Definition chat server...
09:44:38.872 [INFO] [SYSTEM] Starting call server...
09:44:38.874 [INFO] [SYSTEM] Starting chat server...
09:44:38.875 [INFO] [ECGM] Generating Decrypt key...
09:44:54.421 [ERROR] [CALL] Error: 
09:44:54.422 [ERROR] [CHAT] Error: 
09:45:03.450 [INFO] [SYSTEM] See help command for showing help.

09:45:03.451 [INFO] [SYSTEM] Ready

11:44:43.867 [INFO] [SYSTEM] Loading library...
11:44:44.187 [INFO] [SYSTEM] Loading ConfigFiles...
11:44:44.188 [INFO] [SYSTEM] Parsing ConfigFiles...
11:44:44.252 [INFO] [SYSTEM] Loading WhiteListFiles...
11:44:44.253 [INFO] [SYSTEM] Reading WhiteListFiles...
11:44:44.253 [INFO] [SYSTEM] Definition call server...
11:44:44.253 [INFO] [SYSTEM] Definition chat server...
11:44:44.254 [INFO] [SYSTEM] Starting call server...
11:44:44.257 [INFO] [SYSTEM] Starting chat server...
11:44:44.258 [INFO] [SYSTEM] See help command for showing help.

11:44:44.258 [INFO] [SYSTEM] Ready

11:44:53.215 [INFO] [CHAT] Text from client: {"exec": "join", "name": "peyang"}

11:45:33.574 [INFO] [SYSTEM] Loading library...
11:45:33.863 [INFO] [SYSTEM] Loading ConfigFiles...
11:45:33.863 [INFO] [SYSTEM] Parsing ConfigFiles...
11:45:33.894 [INFO] [SYSTEM] Loading WhiteListFiles...
11:45:33.894 [INFO] [SYSTEM] Reading WhiteListFiles...
11:45:33.894 [INFO] [SYSTEM] Definition call server...
11:45:33.894 [INFO] [SYSTEM] Definition chat server...
11:45:33.895 [INFO] [SYSTEM] Starting call server...
11:45:33.896 [INFO] [SYSTEM] Starting chat server...
11:45:33.897 [INFO] [SYSTEM] See help command for showing help.

11:45:33.897 [INFO] [SYSTEM] Ready

11:45:47.067 [INFO] [SYSTEM] Loading library...
11:45:47.506 [INFO] [SYSTEM] Loading ConfigFiles...
11:45:47.506 [INFO] [SYSTEM] Parsing ConfigFiles...
11:45:47.541 [INFO] [SYSTEM] Loading WhiteListFiles...
11:45:47.542 [INFO] [SYSTEM] Reading WhiteListFiles...
11:45:47.542 [INFO] [SYSTEM] Definition call server...
11:45:47.542 [INFO] [SYSTEM] Definition chat server...
11:45:47.542 [INFO] [SYSTEM] Starting call server...
11:45:47.544 [INFO] [SYSTEM] Starting chat server...
11:45:47.546 [INFO] [SYSTEM] See help command for showing help.

11:45:47.546 [INFO] [SYSTEM] Ready

11:48:58.910 [INFO] [SYSTEM] Loading library...
11:48:59.225 [INFO] [SYSTEM] Loading ConfigFiles...
11:48:59.225 [INFO] [SYSTEM] Parsing ConfigFiles...
11:48:59.286 [INFO] [SYSTEM] Loading WhiteListFiles...
11:48:59.287 [INFO] [SYSTEM] Reading WhiteListFiles...
11:48:59.287 [INFO] [SYSTEM] Definition call server...
11:48:59.287 [INFO] [SYSTEM] Definition chat server...
11:48:59.287 [INFO] [SYSTEM] Starting call server...
11:48:59.289 [INFO] [SYSTEM] Starting chat server...
11:48:59.290 [INFO] [SYSTEM] See help command for showing help.

11:48:59.290 [INFO] [SYSTEM] Ready

11:49:28.315 [INFO] [SYSTEM] Loading library...
11:49:28.623 [INFO] [SYSTEM] Loading ConfigFiles...
11:49:28.623 [INFO] [SYSTEM] Parsing ConfigFiles...
11:49:28.657 [INFO] [SYSTEM] Loading WhiteListFiles...
11:49:28.657 [INFO] [SYSTEM] Reading WhiteListFiles...
11:49:28.657 [INFO] [SYSTEM] Definition call server...
11:49:28.657 [INFO] [SYSTEM] Definition chat server...
11:49:28.658 [INFO] [SYSTEM] Starting call server...
11:49:28.661 [INFO] [SYSTEM] Starting chat server...
11:49:28.662 [INFO] [SYSTEM] See help command for showing help.

11:49:28.662 [INFO] [SYSTEM] Ready

11:51:46.868 [INFO] [SYSTEM] Loading library...
11:51:47.175 [INFO] [SYSTEM] Loading ConfigFiles...
11:51:47.175 [INFO] [SYSTEM] Parsing ConfigFiles...
11:51:47.213 [INFO] [SYSTEM] Loading WhiteListFiles...
11:51:47.217 [INFO] [SYSTEM] Reading WhiteListFiles...
11:51:47.218 [INFO] [SYSTEM] Definition call server...
11:51:47.218 [INFO] [SYSTEM] Definition chat server...
11:51:47.218 [INFO] [SYSTEM] Starting call server...
11:51:47.219 [INFO] [SYSTEM] Starting chat server...
11:51:47.220 [INFO] [SYSTEM] See help command for showing help.

11:51:47.220 [INFO] [SYSTEM] Ready

11:54:10.203 [INFO] [SYSTEM] Loading library...
11:54:10.501 [INFO] [SYSTEM] Loading ConfigFiles...
11:54:10.501 [INFO] [SYSTEM] Parsing ConfigFiles...
11:54:10.536 [INFO] [SYSTEM] Loading WhiteListFiles...
11:54:10.536 [INFO] [SYSTEM] Reading WhiteListFiles...
11:54:10.536 [INFO] [SYSTEM] Definition call server...
11:54:10.536 [INFO] [SYSTEM] Definition chat server...
11:54:10.536 [INFO] [SYSTEM] Starting call server...
11:54:10.538 [INFO] [SYSTEM] Starting chat server...
11:54:10.539 [INFO] [SYSTEM] See help command for showing help.

11:54:10.539 [INFO] [SYSTEM] Ready

11:54:23.689 [INFO] [SYSTEM] Loading library...
11:54:23.986 [INFO] [SYSTEM] Loading ConfigFiles...
11:54:57.807 [INFO] [SYSTEM] Parsing ConfigFiles...
11:54:57.838 [INFO] [SYSTEM] Loading WhiteListFiles...
11:54:57.838 [INFO] [SYSTEM] Reading WhiteListFiles...
11:54:57.838 [INFO] [SYSTEM] Definition call server...
11:54:57.838 [INFO] [SYSTEM] Definition chat server...
11:54:57.839 [INFO] [SYSTEM] Starting call server...
11:54:57.842 [INFO] [SYSTEM] Starting chat server...
11:54:57.842 [INFO] [SYSTEM] See help command for showing help.

11:54:57.843 [INFO] [SYSTEM] Ready

11:55:02.792 [INFO] [SYSTEM] Loading library...
11:55:03.114 [INFO] [SYSTEM] Loading ConfigFiles...
11:55:03.114 [INFO] [SYSTEM] Parsing ConfigFiles...
11:55:03.144 [INFO] [SYSTEM] Loading WhiteListFiles...
11:55:03.144 [INFO] [SYSTEM] Reading WhiteListFiles...
11:55:03.144 [INFO] [SYSTEM] Definition call server...
11:55:03.144 [INFO] [SYSTEM] Definition chat server...
11:55:03.144 [INFO] [SYSTEM] Starting call server...
11:55:03.146 [INFO] [SYSTEM] Starting chat server...
11:55:03.146 [INFO] [SYSTEM] See help command for showing help.

11:55:03.146 [INFO] [SYSTEM] Ready

11:55:19.214 [INFO] [CHAT] Text from client: {"exec": "join", "name": "peyang"}

11:56:00.155 [INFO] [SYSTEM] Loading library...
11:56:00.496 [INFO] [SYSTEM] Loading ConfigFiles...
11:56:00.496 [INFO] [SYSTEM] Parsing ConfigFiles...
11:56:00.548 [INFO] [SYSTEM] Loading WhiteListFiles...
11:56:00.548 [INFO] [SYSTEM] Reading WhiteListFiles...
11:56:00.550 [INFO] [SYSTEM] Definition call server...
11:56:00.551 [INFO] [SYSTEM] Definition chat server...
11:56:00.551 [INFO] [SYSTEM] Starting call server...
11:56:00.553 [INFO] [SYSTEM] Starting chat server...
11:56:00.553 [INFO] [SYSTEM] See help command for showing help.

11:56:00.553 [INFO] [SYSTEM] Ready

11:56:46.905 [INFO] [CALL] Player Joining: /127.0.0.1:65068

11:56:49.302 [INFO] [CALL] Text from client: {"exec": "join", "name": "peyang"}

11:56:49.333 [INFO] [ECGM] Generating Encrypt key...
11:56:49.336 [INFO] [ECGM] Generating Decrypt key...
11:58:42.646 [INFO] [CHAT] Text from client: {"exec": "join", "name": "peyang", "token": "20fd5596-8b83-42fe-85eb-ffa373a1341d"}

11:58:50.994 [INFO] [SYSTEM] Unknown Command. See help command for showing help.

11:58:50.994 [INFO] [RESULT] OK.

11:58:52.325 [INFO] [SYSTEM] ---PlayerList---

11:58:52.325 [INFO] [SYSTEM] peyang(/127.0.0.1:65068)

11:58:52.325 [INFO] [SYSTEM] 1/2

11:58:52.325 [INFO] [RESULT] OK.

11:58:56.036 [INFO] [SYSTEM] Unknown Command. See help command for showing help.

11:58:56.036 [INFO] [RESULT] OK.

11:59:54.566 [INFO] [CHAT] Text from client: {"exec": "leave"}

11:59:54.568 [INFO] [CHAT] Client Disconnected: peyang(127.0.0.1:65068)

12:00:45.525 [INFO] [CALL] Text from client: {"exec": "leave"}

12:00:45.525 [INFO] [CALL] Client Disconnected: peyang(127.0.0.1:65068)

12:00:59.255 [INFO] [CALL] Stopping server...
12:00:59.256 [INFO] [CHAT] Stopping server...
12:00:59.257 [INFO] [FATAL] Stopping system...

12:30:34.592 [INFO] [SYSTEM] Loading library...
12:30:34.859 [INFO] [SYSTEM] Loading ConfigFiles...
12:30:34.859 [INFO] [SYSTEM] Parsing ConfigFiles...
12:30:34.929 [INFO] [SYSTEM] Loading WhiteListFiles...
12:30:34.930 [INFO] [SYSTEM] Reading WhiteListFiles...
12:30:34.937 [INFO] [SYSTEM] Definition call server...
12:30:34.940 [INFO] [SYSTEM] Definition chat server...
12:30:34.941 [INFO] [SYSTEM] Starting call server...
12:30:34.942 [INFO] [SYSTEM] Starting chat server...
12:30:34.943 [INFO] [SYSTEM] See help command for showing help.

12:30:34.943 [INFO] [SYSTEM] Ready

12:30:39.854 [INFO] [ALL] Stopping server...
12:30:39.854 [INFO] [FATAL] Stopping system...

12:31:50.181 [INFO] [SYSTEM] Loading library...
12:31:50.482 [INFO] [SYSTEM] Loading ConfigFiles...
12:31:50.483 [INFO] [SYSTEM] Parsing ConfigFiles...
12:31:50.513 [INFO] [SYSTEM] Loading WhiteListFiles...
12:31:50.513 [INFO] [SYSTEM] Reading WhiteListFiles...
12:31:50.514 [INFO] [SYSTEM] Definition call server...
12:31:50.514 [INFO] [SYSTEM] Definition chat server...
12:31:50.514 [INFO] [SYSTEM] Starting call server...
12:31:50.516 [INFO] [SYSTEM] Starting chat server...
12:31:50.517 [INFO] [SYSTEM] See help command for showing help.

12:31:50.518 [INFO] [SYSTEM] Ready

12:31:58.167 [INFO] [SYSTEM] Unknown Args. See help command for showing help.

12:31:58.168 [INFO] [RESULT] OK.

12:32:02.113 [INFO] [SYSTEM] ---HELP---

12:32:02.113 [INFO] [SYSTEM] # help -- showing help.

12:32:02.113 [INFO] [SYSTEM] # stop -- stopping all server.

12:32:02.113 [INFO] [RESULT] OK.

12:34:44.568 [INFO] [CALL] Stopping server...
12:34:44.568 [INFO] [CHAT] Stopping server...
12:34:44.569 [INFO] [FATAL] Stopping system...

12:34:53.097 [INFO] [SYSTEM] Loading library...
12:34:53.384 [INFO] [SYSTEM] Loading ConfigFiles...
12:34:53.384 [INFO] [SYSTEM] Parsing ConfigFiles...
12:34:53.418 [INFO] [SYSTEM] Loading WhiteListFiles...
12:34:53.418 [INFO] [SYSTEM] Reading WhiteListFiles...
12:34:53.418 [INFO] [SYSTEM] Definition call server...
12:34:53.419 [INFO] [SYSTEM] Definition chat server...
12:34:53.419 [INFO] [SYSTEM] Starting call server...
12:34:53.421 [INFO] [SYSTEM] Starting chat server...
12:34:53.425 [INFO] [SYSTEM] See help command for showing help.

12:34:53.425 [INFO] [SYSTEM] Ready

12:35:16.582 [INFO] [CALL] Player Joining: /127.0.0.1:49437

12:35:17.972 [INFO] [CALL] Text from client: {"exec": "join", "name": "peyang"}

12:35:17.991 [INFO] [ECGM] Generating Encrypt key...
12:35:17.994 [INFO] [ECGM] Generating Decrypt key...
12:35:25.628 [INFO] [SYSTEM] Unknown Args. See help command for showing help.

12:35:25.629 [INFO] [RESULT] OK.

12:35:25.629 [INFO] [SYSTEM] Unknown Command. See help command for showing help.

12:35:25.629 [INFO] [RESULT] OK.

12:37:57.664 [INFO] [SYSTEM] Loading library...
12:37:57.931 [INFO] [SYSTEM] Loading ConfigFiles...
12:37:57.931 [INFO] [SYSTEM] Parsing ConfigFiles...
12:37:57.959 [INFO] [SYSTEM] Loading WhiteListFiles...
12:37:57.959 [INFO] [SYSTEM] Reading WhiteListFiles...
12:37:57.959 [INFO] [SYSTEM] Definition call server...
12:37:57.959 [INFO] [SYSTEM] Definition chat server...
12:37:57.960 [INFO] [SYSTEM] Starting call server...
12:37:57.960 [INFO] [SYSTEM] Starting chat server...
12:37:57.961 [INFO] [SYSTEM] See help command for showing help.

12:37:57.961 [INFO] [SYSTEM] Ready

12:38:03.956 [INFO] [SYSTEM] Loading library...
12:38:04.294 [INFO] [SYSTEM] Loading ConfigFiles...
12:38:04.294 [INFO] [SYSTEM] Parsing ConfigFiles...
12:38:04.329 [INFO] [SYSTEM] Loading WhiteListFiles...
12:38:04.329 [INFO] [SYSTEM] Reading WhiteListFiles...
12:38:04.330 [INFO] [SYSTEM] Definition call server...
12:38:04.330 [INFO] [SYSTEM] Definition chat server...
12:38:04.330 [INFO] [SYSTEM] Starting call server...
12:38:04.332 [INFO] [SYSTEM] Starting chat server...
12:38:04.333 [INFO] [SYSTEM] See help command for showing help.

12:38:04.333 [INFO] [SYSTEM] Ready

12:38:11.455 [INFO] [CALL] Player Joining: /127.0.0.1:49496

12:38:12.699 [INFO] [CALL] Text from client: {"exec": "join", "name": "peyang"}

12:38:12.730 [INFO] [ECGM] Generating Encrypt key...
12:38:12.734 [INFO] [ECGM] Generating Decrypt key...
12:38:18.652 [INFO] [SYSTEM] Unknown Args. See help command for showing help.

12:39:54.892 [INFO] [RESULT] OK.

12:39:54.899 [INFO] [SYSTEM] Unknown Command. See help command for showing help.

12:39:54.899 [INFO] [RESULT] OK.

12:39:56.742 [INFO] [SYSTEM] Loading library...
12:39:57.123 [INFO] [SYSTEM] Loading ConfigFiles...
12:39:57.123 [INFO] [SYSTEM] Parsing ConfigFiles...
12:39:57.153 [INFO] [SYSTEM] Loading WhiteListFiles...
12:39:57.153 [INFO] [SYSTEM] Reading WhiteListFiles...
12:39:57.153 [INFO] [SYSTEM] Definition call server...
12:39:57.154 [INFO] [SYSTEM] Definition chat server...
12:39:57.154 [INFO] [SYSTEM] Starting call server...
12:39:57.156 [INFO] [SYSTEM] Starting chat server...
12:39:57.157 [INFO] [SYSTEM] See help command for showing help.

12:39:57.157 [INFO] [SYSTEM] Ready

12:40:02.304 [INFO] [CALL] Player Joining: /127.0.0.1:49545

12:40:03.371 [INFO] [CALL] Text from client: {"exec": "join", "name": "peyang"}

12:40:03.403 [INFO] [ECGM] Generating Encrypt key...
12:40:03.407 [INFO] [ECGM] Generating Decrypt key...
12:40:08.374 [INFO] [SYSTEM] Unknown Args. See help command for showing help.

12:40:10.988 [INFO] [RESULT] OK.

12:40:10.989 [INFO] [SYSTEM] Unknown Command. See help command for showing help.

12:40:10.989 [INFO] [RESULT] OK.

12:40:19.819 [INFO] [SYSTEM] Unknown Args. See help command for showing help.

12:41:38.646 [INFO] [RESULT] OK.

12:41:38.647 [INFO] [SYSTEM] Unknown Command. See help command for showing help.

12:41:38.647 [INFO] [RESULT] OK.

12:42:04.043 [INFO] [SYSTEM] Loading library...
12:42:04.394 [INFO] [SYSTEM] Loading ConfigFiles...
12:42:04.394 [INFO] [SYSTEM] Parsing ConfigFiles...
12:42:04.439 [INFO] [SYSTEM] Loading WhiteListFiles...
12:42:04.440 [INFO] [SYSTEM] Reading WhiteListFiles...
12:42:04.440 [INFO] [SYSTEM] Definition call server...
12:42:04.440 [INFO] [SYSTEM] Definition chat server...
12:42:04.440 [INFO] [SYSTEM] Starting call server...
12:42:04.442 [INFO] [SYSTEM] Starting chat server...
12:42:04.443 [INFO] [SYSTEM] See help command for showing help.

12:42:04.443 [INFO] [SYSTEM] Ready

12:42:08.095 [INFO] [CALL] Player Joining: /127.0.0.1:49584

12:42:08.803 [INFO] [CALL] Text from client: {"exec": "join", "name": "peyang"}

12:42:08.835 [INFO] [ECGM] Generating Encrypt key...
12:42:08.838 [INFO] [ECGM] Generating Decrypt key...
12:42:12.379 [INFO] [SYSTEM] Unknown Command. See help command for showing help.

12:42:12.379 [INFO] [RESULT] OK.

12:42:19.221 [INFO] [SYSTEM] Unknown Command. See help command for showing help.

12:42:19.221 [INFO] [RESULT] OK.

12:42:31.637 [INFO] [SYSTEM] Loading library...
12:42:32.027 [INFO] [SYSTEM] Loading ConfigFiles...
12:42:32.027 [INFO] [SYSTEM] Parsing ConfigFiles...
12:42:32.097 [INFO] [SYSTEM] Loading WhiteListFiles...
12:42:32.097 [INFO] [SYSTEM] Reading WhiteListFiles...
12:42:32.097 [INFO] [SYSTEM] Definition call server...
12:42:32.098 [INFO] [SYSTEM] Definition chat server...
12:42:32.098 [INFO] [SYSTEM] Starting call server...
12:42:32.100 [INFO] [SYSTEM] Starting chat server...
12:42:32.101 [INFO] [SYSTEM] See help command for showing help.

12:42:32.101 [INFO] [SYSTEM] Ready

12:42:50.159 [INFO] [CALL] Player Joining: /127.0.0.1:49621

12:42:52.747 [INFO] [CALL] Text from client: {"exec": "join", "name": "peyang"}

12:42:52.779 [INFO] [ECGM] Generating Encrypt key...
12:42:52.782 [INFO] [ECGM] Generating Decrypt key...
12:42:57.919 [INFO] [CALL] Client Disconnected: peyang(127.0.0.1:49621)

12:42:57.920 [INFO] [SYSTEM] Player(peyang) kicked from   CallServer

12:42:57.920 [INFO] [RESULT] OK.

12:44:10.176 [ERROR] [SYSTEM] Player not found.

12:44:10.177 [INFO] [RESULT] OK.

12:44:23.713 [INFO] [SYSTEM] Loading library...
12:44:24.075 [INFO] [SYSTEM] Loading ConfigFiles...
12:44:24.076 [INFO] [SYSTEM] Parsing ConfigFiles...
12:44:24.107 [INFO] [SYSTEM] Loading WhiteListFiles...
12:44:24.107 [INFO] [SYSTEM] Reading WhiteListFiles...
12:44:24.107 [INFO] [SYSTEM] Definition call server...
12:44:24.107 [INFO] [SYSTEM] Definition chat server...
12:44:24.108 [INFO] [SYSTEM] Starting call server...
12:44:24.111 [INFO] [SYSTEM] Starting chat server...
12:44:24.111 [INFO] [SYSTEM] See help command for showing help.

12:44:24.111 [INFO] [SYSTEM] Ready

12:44:36.630 [INFO] [CALL] Player Joining: /127.0.0.1:49657

12:44:42.395 [INFO] [CALL] Text from client: {"exec": "join", "name": "peyang"}

12:44:42.427 [INFO] [ECGM] Generating Encrypt key...
12:44:42.430 [INFO] [ECGM] Generating Decrypt key...
12:44:51.026 [INFO] [CALL] Client Disconnected: peyang(127.0.0.1:49657)

12:44:51.028 [INFO] [SYSTEM] Player(peyang) kicked from CallServer 

12:44:51.028 [INFO] [RESULT] OK.

12:46:23.395 [INFO] [CALL] Player Joining: /127.0.0.1:49690

12:46:30.523 [INFO] [CALL] Text from client: {"exec": "join", "name": "peyang"}

12:46:30.524 [INFO] [ECGM] Generating Encrypt key...
12:46:30.525 [INFO] [ECGM] Generating Decrypt key...
12:47:13.082 [INFO] [CHAT] Text from client: {"exec": "join", "token": "d1b2f376-1ca9-4045-a6d8-857920d86707"}

12:55:24.350 [INFO] [SYSTEM] Loading library...
12:55:24.623 [INFO] [SYSTEM] Loading ConfigFiles...
12:55:24.623 [INFO] [SYSTEM] Parsing ConfigFiles...
12:55:24.650 [INFO] [SYSTEM] Loading WhiteListFiles...
12:55:24.650 [INFO] [SYSTEM] Reading WhiteListFiles...
12:55:24.650 [INFO] [SYSTEM] Definition call server...
12:55:24.650 [INFO] [SYSTEM] Definition chat server...
12:55:24.650 [INFO] [SYSTEM] Starting call server...
12:55:24.652 [INFO] [SYSTEM] Starting chat server...
12:55:24.654 [INFO] [SYSTEM] See help command for showing help.

12:55:24.654 [INFO] [SYSTEM] Ready

12:55:37.630 [INFO] [CALL] Player Joining: /127.0.0.1:49985

12:55:39.795 [INFO] [CALL] Text from client: {"exec": "join", "name": "peyang"}

12:55:39.827 [INFO] [ECGM] Generating Encrypt key...
12:55:39.830 [INFO] [ECGM] Generating Decrypt key...
12:55:53.546 [INFO] [CALL] Text from client: {"exec": "join", "name": "peyang"}

12:55:53.547 [INFO] [ECGM] Generating Encrypt key...
12:55:53.548 [INFO] [ECGM] Generating Decrypt key...
12:55:53.550 [INFO] [CALL] Client Disconnected: peyang(127.0.0.1:49985)

12:57:26.837 [INFO] [SYSTEM] Loading library...
12:57:27.078 [INFO] [SYSTEM] Loading ConfigFiles...
12:57:27.079 [INFO] [SYSTEM] Parsing ConfigFiles...
12:57:27.113 [INFO] [SYSTEM] Loading WhiteListFiles...
12:57:27.113 [INFO] [SYSTEM] Reading WhiteListFiles...
12:57:27.113 [INFO] [SYSTEM] Definition call server...
12:57:27.114 [INFO] [SYSTEM] Definition chat server...
12:57:27.114 [INFO] [SYSTEM] Starting call server...
12:57:27.117 [INFO] [SYSTEM] Starting chat server...
12:57:27.118 [INFO] [SYSTEM] See help command for showing help.

12:57:27.118 [INFO] [SYSTEM] Ready

12:57:35.733 [INFO] [CALL] Player Joining: /127.0.0.1:50025

12:57:37.722 [INFO] [CALL] Text from client: {"exec": "join", "name": "peyang"}

12:57:37.756 [INFO] [ECGM] Generating Encrypt key...
12:57:37.759 [INFO] [ECGM] Generating Decrypt key...
12:58:04.722 [INFO] [CHAT] Text from client: {"exec": "join", "token": "7e760da0-2295-4ddc-8d04-b2dec645f2f1", "name": "peyang"}

12:58:11.715 [INFO] [CHAT] Client Disconnected: peyang(127.0.0.1:50025)

12:58:13.370 [INFO] [CALL] Client Disconnected: peyang(127.0.0.1:50025)

12:58:19.867 [INFO] [CALL] Player Joining: /127.0.0.1:50045

12:58:20.890 [INFO] [CALL] Client Disconnected: Unknown(127.0.0.1:50045)

12:58:24.754 [INFO] [CHAT] Client Disconnected: /127.0.0.1:50047
12:59:30.423 [INFO] [SYSTEM] Loading library...
12:59:30.689 [INFO] [SYSTEM] Loading ConfigFiles...
12:59:30.689 [INFO] [SYSTEM] Parsing ConfigFiles...
12:59:30.724 [INFO] [SYSTEM] Loading WhiteListFiles...
12:59:30.724 [INFO] [SYSTEM] Reading WhiteListFiles...
12:59:30.724 [INFO] [SYSTEM] Definition call server...
12:59:30.725 [INFO] [SYSTEM] Definition chat server...
12:59:30.725 [INFO] [SYSTEM] Starting call server...
12:59:30.727 [INFO] [SYSTEM] Starting chat server...
12:59:30.728 [INFO] [SYSTEM] See help command for showing help.

12:59:30.728 [INFO] [SYSTEM] Ready

12:59:36.806 [INFO] [CALL] Player Joining: /127.0.0.1:50082

12:59:39.170 [INFO] [CALL] Text from client: {"exec": "join", "name": "peyang"}

12:59:39.205 [INFO] [ECGM] Generating Encrypt key...
12:59:39.208 [INFO] [ECGM] Generating Decrypt key...
13:00:10.458 [INFO] [CHAT] Text from client: {"exec": "join", "token": "fc40186b-df97-474a-a8e5-6e4f32b9d1ae", "name": "peyang"}

13:00:15.522 [INFO] [CHAT] Client Disconnected: peyang(127.0.0.1:50082)

13:00:17.202 [INFO] [CALL] Client Disconnected: peyang(127.0.0.1:50082)

13:00:17.627 [INFO] [CALL] Player Joining: /127.0.0.1:50091

13:00:17.963 [INFO] [CALL] Client Disconnected: Unknown(127.0.0.1:50091)

13:00:19.722 [INFO] [CHAT] Client Disconnected: /127.0.0.1:50093
13:01:32.624 [INFO] [SYSTEM] Loading library...
13:01:32.894 [INFO] [SYSTEM] Loading ConfigFiles...
13:01:32.894 [INFO] [SYSTEM] Parsing ConfigFiles...
13:01:32.933 [INFO] [SYSTEM] Loading WhiteListFiles...
13:01:32.934 [INFO] [SYSTEM] Reading WhiteListFiles...
13:01:32.934 [INFO] [SYSTEM] Definition call server...
13:01:32.934 [INFO] [SYSTEM] Definition chat server...
13:01:32.934 [INFO] [SYSTEM] Starting call server...
13:01:32.936 [INFO] [SYSTEM] Starting chat server...
13:01:32.937 [INFO] [SYSTEM] See help command for showing help.

13:01:32.937 [INFO] [SYSTEM] Ready

13:01:40.726 [INFO] [CALL] Player Joining: /127.0.0.1:50124

13:01:41.187 [INFO] [CALL] Client Disconnected: Unknown(127.0.0.1:50124)

13:01:42.315 [INFO] [CALL] Player Joining: /127.0.0.1:50125

13:01:44.226 [INFO] [CALL] Text from client: {"exec": "join", "name": "peyang"}

13:01:44.258 [INFO] [ECGM] Generating Encrypt key...
13:01:44.261 [INFO] [ECGM] Generating Decrypt key...
13:02:39.970 [INFO] [CHAT] Text from client: {"exec": "join", "token": "sc1deee79-467c-4817-ae81-447f0212d895", "name": "peyang"}

13:02:39.974 [INFO] [CHAT] Client Disconnected: Unknown(/127.0.0.1:50157)

13:02:44.818 [INFO] [CHAT] Text from client: {"exec": "join", "token": "c1deee79-467c-4817-ae81-447f0212d895", "name": "peyang"}

13:03:16.410 [INFO] [CHAT] Client Disconnected: peyang(127.0.0.1:50125)

13:03:18.106 [INFO] [CALL] Client Disconnected: peyang(127.0.0.1:50125)

20:19:02.893 [INFO] [CALL] Player Joining: /127.0.0.1:58637

20:19:04.620 [INFO] [CALL] Text from client: {"exec": "join", "name": "peyang"}

20:19:04.620 [INFO] [ECGM] Generating Encrypt key...
20:19:04.621 [INFO] [ECGM] Generating Decrypt key...
20:19:27.004 [INFO] [CHAT] Text from client: {"exec": "join", "token": "c2a93914-4bef-49b6-a4cc-e19178acaf4b", "name": "peyang"}

20:20:26.533 [INFO] [CHAT] Client Disconnected: peyang(127.0.0.1:58637)

21:18:55.410 [INFO] [ALL] Stopping server...
21:18:55.413 [INFO] [FATAL] Stopping system...

21:20:04.704 [INFO] [ALL] Stopping server...
21:20:04.709 [INFO] [FATAL] Stopping system...

21:20:23.070 [INFO] [ALL] Stopping server...
21:20:23.074 [INFO] [FATAL] Stopping system...

21:20:59.537 [INFO] [ALL] Stopping server...
21:20:59.542 [INFO] [FATAL] Stopping system...

21:22:00.995 [INFO] [ALL] Stopping server...
21:22:00.999 [INFO] [FATAL] Stopping system...

21:22:17.764 [INFO] [ALL] Stopping server...
21:22:17.767 [INFO] [FATAL] Stopping system...

21:22:45.136 [INFO] [ALL] Stopping server...
21:22:45.139 [INFO] [FATAL] Stopping system...

21:22:57.242 [INFO] [SYSTEM] Loading library...
